This file contains any messages produced by compilers while
running configure, to aid debugging if configure makes a mistake.

It was created by runit configure 0.1.0, which was
generated by GNU Autoconf 2.71.  Invocation command line was

  $ ../configure

## --------- ##
## Platform. ##
## --------- ##

hostname = special-k.kbisp.com
uname -m = x86_64
uname -r = 6.0.8-arch1-1
uname -s = Linux
uname -v = #1 SMP PREEMPT_DYNAMIC Thu, 10 Nov 2022 21:14:24 +0000

/usr/bin/uname -p = unknown
/bin/uname -X     = unknown

/bin/arch              = unknown
/usr/bin/arch -k       = unknown
/usr/convex/getsysinfo = unknown
/usr/bin/hostinfo      = unknown
/bin/machine           = unknown
/usr/bin/oslevel       = unknown
/bin/universe          = unknown

PATH: /home/kro/.rbenv/shims/
PATH: /usr/local/bin/
PATH: /usr/bin/
PATH: /bin/
PATH: /usr/local/sbin/
PATH: /usr/lib/jvm/default/bin/
PATH: /usr/bin/site_perl/
PATH: /usr/bin/vendor_perl/
PATH: /usr/bin/core_perl/
PATH: /home/kro/.config/composer/vendor/bin/
PATH: /home/kro/.local/bin/


## ----------- ##
## Core tests. ##
## ----------- ##

configure:2792: looking for aux files: compile missing install-sh config.guess config.sub
configure:2805:  trying ../
configure:2834:   ../compile found
configure:2834:   ../missing found
configure:2816:   ../install-sh found
configure:2834:   ../config.guess found
configure:2834:   ../config.sub found
configure:3049: checking build system type
configure:3064: result: x86_64-pc-linux-gnu
configure:3084: checking host system type
configure:3098: result: x86_64-pc-linux-gnu
configure:3164: checking for a BSD-compatible install
configure:3237: result: /usr/bin/install -c
configure:3248: checking whether build environment is sane
configure:3303: result: yes
configure:3462: checking for a race-free mkdir -p
configure:3506: result: /usr/bin/mkdir -p
configure:3513: checking for gawk
configure:3534: found /usr/bin/gawk
configure:3545: result: gawk
configure:3556: checking whether make sets $(MAKE)
configure:3579: result: yes
configure:3609: checking whether make supports nested variables
configure:3627: result: yes
configure:3792: checking for valgrind
configure:3813: found /usr/bin/valgrind
configure:3824: result: valgrind
configure:3883: checking for Valgrind tool memcheck
configure:3900: result: yes
configure:3947: checking for Valgrind tool helgrind
configure:3964: result: yes
configure:4011: checking for Valgrind tool drd
configure:4028: result: yes
configure:4075: checking for Valgrind tool sgcheck
configure:4092: result: no
configure:4285: checking for gcc
configure:4306: found /usr/bin/gcc
configure:4317: result: gcc
configure:4670: checking for C compiler version
configure:4679: gcc --version >&5
gcc (GCC) 12.2.0
Copyright (C) 2022 Free Software Foundation, Inc.
This is free software; see the source for copying conditions.  There is NO
warranty; not even for MERCHANTABILITY or FITNESS FOR A PARTICULAR PURPOSE.

configure:4690: $? = 0
configure:4679: gcc -v >&5
Using built-in specs.
COLLECT_GCC=gcc
COLLECT_LTO_WRAPPER=/usr/lib/gcc/x86_64-pc-linux-gnu/12.2.0/lto-wrapper
Target: x86_64-pc-linux-gnu
Configured with: /build/gcc/src/gcc/configure --enable-languages=c,c++,ada,fortran,go,lto,objc,obj-c++,d --enable-bootstrap --prefix=/usr --libdir=/usr/lib --libexecdir=/usr/lib --mandir=/usr/share/man --infodir=/usr/share/info --with-bugurl=https://bugs.archlinux.org/ --with-build-config=bootstrap-lto --with-linker-hash-style=gnu --with-system-zlib --enable-__cxa_atexit --enable-cet=auto --enable-checking=release --enable-clocale=gnu --enable-default-pie --enable-default-ssp --enable-gnu-indirect-function --enable-gnu-unique-object --enable-libstdcxx-backtrace --enable-link-serialization=1 --enable-linker-build-id --enable-lto --enable-multilib --enable-plugin --enable-shared --enable-threads=posix --disable-libssp --disable-libstdcxx-pch --disable-werror
Thread model: posix
Supported LTO compression algorithms: zlib zstd
gcc version 12.2.0 (GCC) 
configure:4690: $? = 0
configure:4679: gcc -V >&5
gcc: error: unrecognized command-line option '-V'
gcc: fatal error: no input files
compilation terminated.
configure:4690: $? = 1
configure:4679: gcc -qversion >&5
gcc: error: unrecognized command-line option '-qversion'; did you mean '--version'?
gcc: fatal error: no input files
compilation terminated.
configure:4690: $? = 1
configure:4679: gcc -version >&5
gcc: error: unrecognized command-line option '-version'
gcc: fatal error: no input files
compilation terminated.
configure:4690: $? = 1
configure:4710: checking whether the C compiler works
configure:4732: gcc    conftest.c  >&5
configure:4736: $? = 0
configure:4786: result: yes
configure:4789: checking for C compiler default output file name
configure:4791: result: a.out
configure:4797: checking for suffix of executables
configure:4804: gcc -o conftest    conftest.c  >&5
configure:4808: $? = 0
configure:4831: result: 
configure:4853: checking whether we are cross compiling
configure:4861: gcc -o conftest    conftest.c  >&5
configure:4865: $? = 0
configure:4872: ./conftest
configure:4876: $? = 0
configure:4891: result: no
configure:4896: checking for suffix of object files
configure:4919: gcc -c   conftest.c >&5
configure:4923: $? = 0
configure:4945: result: o
configure:4949: checking whether the compiler supports GNU C
configure:4969: gcc -c   conftest.c >&5
configure:4969: $? = 0
configure:4979: result: yes
configure:4990: checking whether gcc accepts -g
configure:5011: gcc -c -g  conftest.c >&5
configure:5011: $? = 0
configure:5055: result: yes
configure:5075: checking for gcc option to enable C11 features
configure:5090: gcc  -c -g -O2  conftest.c >&5
configure:5090: $? = 0
configure:5108: result: none needed
configure:5224: checking whether gcc understands -c and -o together
configure:5247: gcc -c conftest.c -o conftest2.o
configure:5250: $? = 0
configure:5247: gcc -c conftest.c -o conftest2.o
configure:5250: $? = 0
configure:5262: result: yes
configure:5282: checking whether make supports the include directive
configure:5297: make -f confmf.GNU && cat confinc.out
this is the am__doit target
configure:5300: $? = 0
configure:5319: result: yes (GNU style)
configure:5345: checking dependency style of gcc
configure:5457: result: gcc3
configure:5541: checking for g++
configure:5562: found /usr/bin/g++
configure:5573: result: g++
configure:5600: checking for C++ compiler version
configure:5609: g++ --version >&5
g++ (GCC) 12.2.0
Copyright (C) 2022 Free Software Foundation, Inc.
This is free software; see the source for copying conditions.  There is NO
warranty; not even for MERCHANTABILITY or FITNESS FOR A PARTICULAR PURPOSE.

configure:5620: $? = 0
configure:5609: g++ -v >&5
Using built-in specs.
COLLECT_GCC=g++
COLLECT_LTO_WRAPPER=/usr/lib/gcc/x86_64-pc-linux-gnu/12.2.0/lto-wrapper
Target: x86_64-pc-linux-gnu
Configured with: /build/gcc/src/gcc/configure --enable-languages=c,c++,ada,fortran,go,lto,objc,obj-c++,d --enable-bootstrap --prefix=/usr --libdir=/usr/lib --libexecdir=/usr/lib --mandir=/usr/share/man --infodir=/usr/share/info --with-bugurl=https://bugs.archlinux.org/ --with-build-config=bootstrap-lto --with-linker-hash-style=gnu --with-system-zlib --enable-__cxa_atexit --enable-cet=auto --enable-checking=release --enable-clocale=gnu --enable-default-pie --enable-default-ssp --enable-gnu-indirect-function --enable-gnu-unique-object --enable-libstdcxx-backtrace --enable-link-serialization=1 --enable-linker-build-id --enable-lto --enable-multilib --enable-plugin --enable-shared --enable-threads=posix --disable-libssp --disable-libstdcxx-pch --disable-werror
Thread model: posix
Supported LTO compression algorithms: zlib zstd
gcc version 12.2.0 (GCC) 
configure:5620: $? = 0
configure:5609: g++ -V >&5
g++: error: unrecognized command-line option '-V'
g++: fatal error: no input files
compilation terminated.
configure:5620: $? = 1
configure:5609: g++ -qversion >&5
g++: error: unrecognized command-line option '-qversion'; did you mean '--version'?
g++: fatal error: no input files
compilation terminated.
configure:5620: $? = 1
configure:5624: checking whether the compiler supports GNU C++
configure:5644: g++ -c   conftest.cpp >&5
configure:5644: $? = 0
configure:5654: result: yes
configure:5665: checking whether g++ accepts -g
configure:5686: g++ -c -g  conftest.cpp >&5
configure:5686: $? = 0
configure:5730: result: yes
configure:5750: checking for g++ option to enable C++11 features
configure:5765: g++  -c -g -O2  conftest.cpp >&5
conftest.cpp: In function 'int main(int, char**)':
conftest.cpp:177:25: warning: empty parentheses were disambiguated as a function declaration [-Wvexing-parse]
  177 |   cxx11test::delegate d2();
      |                         ^~
conftest.cpp:177:25: note: remove parentheses to default-initialize a variable
  177 |   cxx11test::delegate d2();
      |                         ^~
      |                         --
conftest.cpp:177:25: note: or replace parentheses with braces to value-initialize a variable
configure:5765: $? = 0
configure:5783: result: none needed
configure:5849: checking dependency style of g++
configure:5961: result: gcc3
configure:6024: checking for ranlib
configure:6045: found /usr/bin/ranlib
configure:6056: result: ranlib
configure:6085: checking for stdio.h
configure:6085: gcc -c -g -O2  conftest.c >&5
configure:6085: $? = 0
configure:6085: result: yes
configure:6085: checking for stdlib.h
configure:6085: gcc -c -g -O2  conftest.c >&5
configure:6085: $? = 0
configure:6085: result: yes
configure:6085: checking for string.h
configure:6085: gcc -c -g -O2  conftest.c >&5
configure:6085: $? = 0
configure:6085: result: yes
configure:6085: checking for inttypes.h
configure:6085: gcc -c -g -O2  conftest.c >&5
configure:6085: $? = 0
configure:6085: result: yes
configure:6085: checking for stdint.h
configure:6085: gcc -c -g -O2  conftest.c >&5
configure:6085: $? = 0
configure:6085: result: yes
configure:6085: checking for strings.h
configure:6085: gcc -c -g -O2  conftest.c >&5
configure:6085: $? = 0
configure:6085: result: yes
configure:6085: checking for sys/stat.h
configure:6085: gcc -c -g -O2  conftest.c >&5
configure:6085: $? = 0
configure:6085: result: yes
configure:6085: checking for sys/types.h
configure:6085: gcc -c -g -O2  conftest.c >&5
configure:6085: $? = 0
configure:6085: result: yes
configure:6085: checking for unistd.h
configure:6085: gcc -c -g -O2  conftest.c >&5
configure:6085: $? = 0
configure:6085: result: yes
configure:6085: checking for vfork.h
configure:6085: gcc -c -g -O2  conftest.c >&5
conftest.c:48:10: fatal error: vfork.h: No such file or directory
   48 | #include <vfork.h>
      |          ^~~~~~~~~
compilation terminated.
configure:6085: $? = 1
configure: failed program was:
| /* confdefs.h */
| #define PACKAGE_NAME "runit"
| #define PACKAGE_TARNAME "runit"
| #define PACKAGE_VERSION "0.1.0"
| #define PACKAGE_STRING "runit 0.1.0"
| #define PACKAGE_BUGREPORT "bugs@kara-online.net"
| #define PACKAGE_URL ""
| #define PACKAGE "runit"
| #define VERSION "0.1.0"
| #define HAVE_STDIO_H 1
| #define HAVE_STDLIB_H 1
| #define HAVE_STRING_H 1
| #define HAVE_INTTYPES_H 1
| #define HAVE_STDINT_H 1
| #define HAVE_STRINGS_H 1
| #define HAVE_SYS_STAT_H 1
| #define HAVE_SYS_TYPES_H 1
| #define HAVE_UNISTD_H 1
| /* end confdefs.h.  */
| #include <stddef.h>
| #ifdef HAVE_STDIO_H
| # include <stdio.h>
| #endif
| #ifdef HAVE_STDLIB_H
| # include <stdlib.h>
| #endif
| #ifdef HAVE_STRING_H
| # include <string.h>
| #endif
| #ifdef HAVE_INTTYPES_H
| # include <inttypes.h>
| #endif
| #ifdef HAVE_STDINT_H
| # include <stdint.h>
| #endif
| #ifdef HAVE_STRINGS_H
| # include <strings.h>
| #endif
| #ifdef HAVE_SYS_TYPES_H
| # include <sys/types.h>
| #endif
| #ifdef HAVE_SYS_STAT_H
| # include <sys/stat.h>
| #endif
| #ifdef HAVE_UNISTD_H
| # include <unistd.h>
| #endif
| #include <vfork.h>
configure:6085: result: no
configure:6110: checking for fcntl.h
configure:6110: gcc -c -g -O2  conftest.c >&5
configure:6110: $? = 0
configure:6110: result: yes
configure:6117: checking for netinet/in.h
configure:6117: gcc -c -g -O2  conftest.c >&5
configure:6117: $? = 0
configure:6117: result: yes
configure:6124: checking for sys/file.h
configure:6124: gcc -c -g -O2  conftest.c >&5
configure:6124: $? = 0
configure:6124: result: yes
configure:6131: checking for sys/ioctl.h
configure:6131: gcc -c -g -O2  conftest.c >&5
configure:6131: $? = 0
configure:6131: result: yes
configure:6138: checking for sys/param.h
configure:6138: gcc -c -g -O2  conftest.c >&5
configure:6138: $? = 0
configure:6138: result: yes
configure:6145: checking for sys/socket.h
configure:6145: gcc -c -g -O2  conftest.c >&5
configure:6145: $? = 0
configure:6145: result: yes
configure:6152: checking for sys/time.h
configure:6152: gcc -c -g -O2  conftest.c >&5
configure:6152: $? = 0
configure:6152: result: yes
configure:6159: checking for unistd.h
configure:6159: result: yes
configure:6166: checking for utmp.h
configure:6166: gcc -c -g -O2  conftest.c >&5
configure:6166: $? = 0
configure:6166: result: yes
configure:6173: checking for utmpx.h
configure:6173: gcc -c -g -O2  conftest.c >&5
configure:6173: $? = 0
configure:6173: result: yes
configure:6182: checking for uint64_t
configure:6182: gcc -c -g -O2  conftest.c >&5
configure:6182: $? = 0
configure:6182: result: yes
configure:6194: checking for off_t
configure:6194: gcc -c -g -O2  conftest.c >&5
configure:6194: $? = 0
configure:6194: gcc -c -g -O2  conftest.c >&5
conftest.c: In function 'main':
conftest.c:62:20: error: expected expression before ')' token
   62 | if (sizeof ((off_t)))
      |                    ^
configure:6194: $? = 1
configure: failed program was:
| /* confdefs.h */
| #define PACKAGE_NAME "runit"
| #define PACKAGE_TARNAME "runit"
| #define PACKAGE_VERSION "0.1.0"
| #define PACKAGE_STRING "runit 0.1.0"
| #define PACKAGE_BUGREPORT "bugs@kara-online.net"
| #define PACKAGE_URL ""
| #define PACKAGE "runit"
| #define VERSION "0.1.0"
| #define HAVE_STDIO_H 1
| #define HAVE_STDLIB_H 1
| #define HAVE_STRING_H 1
| #define HAVE_INTTYPES_H 1
| #define HAVE_STDINT_H 1
| #define HAVE_STRINGS_H 1
| #define HAVE_SYS_STAT_H 1
| #define HAVE_SYS_TYPES_H 1
| #define HAVE_UNISTD_H 1
| #define STDC_HEADERS 1
| #define HAVE_FCNTL_H 1
| #define HAVE_NETINET_IN_H 1
| #define HAVE_SYS_FILE_H 1
| #define HAVE_SYS_IOCTL_H 1
| #define HAVE_SYS_PARAM_H 1
| #define HAVE_SYS_SOCKET_H 1
| #define HAVE_SYS_TIME_H 1
| #define HAVE_UNISTD_H 1
| #define HAVE_UTMP_H 1
| #define HAVE_UTMPX_H 1
| /* end confdefs.h.  */
| #include <stddef.h>
| #ifdef HAVE_STDIO_H
| # include <stdio.h>
| #endif
| #ifdef HAVE_STDLIB_H
| # include <stdlib.h>
| #endif
| #ifdef HAVE_STRING_H
| # include <string.h>
| #endif
| #ifdef HAVE_INTTYPES_H
| # include <inttypes.h>
| #endif
| #ifdef HAVE_STDINT_H
| # include <stdint.h>
| #endif
| #ifdef HAVE_STRINGS_H
| # include <strings.h>
| #endif
| #ifdef HAVE_SYS_TYPES_H
| # include <sys/types.h>
| #endif
| #ifdef HAVE_SYS_STAT_H
| # include <sys/stat.h>
| #endif
| #ifdef HAVE_UNISTD_H
| # include <unistd.h>
| #endif
| int
| main (void)
| {
| if (sizeof ((off_t)))
| 	    return 0;
|   ;
|   return 0;
| }
configure:6194: result: yes
configure:6209: checking how to run the C preprocessor
configure:6235: gcc -E  conftest.c
configure:6235: $? = 0
configure:6250: gcc -E  conftest.c
conftest.c:31:10: fatal error: ac_nonexistent.h: No such file or directory
   31 | #include <ac_nonexistent.h>
      |          ^~~~~~~~~~~~~~~~~~
compilation terminated.
configure:6250: $? = 1
configure: failed program was:
| /* confdefs.h */
| #define PACKAGE_NAME "runit"
| #define PACKAGE_TARNAME "runit"
| #define PACKAGE_VERSION "0.1.0"
| #define PACKAGE_STRING "runit 0.1.0"
| #define PACKAGE_BUGREPORT "bugs@kara-online.net"
| #define PACKAGE_URL ""
| #define PACKAGE "runit"
| #define VERSION "0.1.0"
| #define HAVE_STDIO_H 1
| #define HAVE_STDLIB_H 1
| #define HAVE_STRING_H 1
| #define HAVE_INTTYPES_H 1
| #define HAVE_STDINT_H 1
| #define HAVE_STRINGS_H 1
| #define HAVE_SYS_STAT_H 1
| #define HAVE_SYS_TYPES_H 1
| #define HAVE_UNISTD_H 1
| #define STDC_HEADERS 1
| #define HAVE_FCNTL_H 1
| #define HAVE_NETINET_IN_H 1
| #define HAVE_SYS_FILE_H 1
| #define HAVE_SYS_IOCTL_H 1
| #define HAVE_SYS_PARAM_H 1
| #define HAVE_SYS_SOCKET_H 1
| #define HAVE_SYS_TIME_H 1
| #define HAVE_UNISTD_H 1
| #define HAVE_UTMP_H 1
| #define HAVE_UTMPX_H 1
| /* end confdefs.h.  */
| #include <ac_nonexistent.h>
configure:6277: result: gcc -E
configure:6291: gcc -E  conftest.c
configure:6291: $? = 0
configure:6306: gcc -E  conftest.c
conftest.c:31:10: fatal error: ac_nonexistent.h: No such file or directory
   31 | #include <ac_nonexistent.h>
      |          ^~~~~~~~~~~~~~~~~~
compilation terminated.
configure:6306: $? = 1
configure: failed program was:
| /* confdefs.h */
| #define PACKAGE_NAME "runit"
| #define PACKAGE_TARNAME "runit"
| #define PACKAGE_VERSION "0.1.0"
| #define PACKAGE_STRING "runit 0.1.0"
| #define PACKAGE_BUGREPORT "bugs@kara-online.net"
| #define PACKAGE_URL ""
| #define PACKAGE "runit"
| #define VERSION "0.1.0"
| #define HAVE_STDIO_H 1
| #define HAVE_STDLIB_H 1
| #define HAVE_STRING_H 1
| #define HAVE_INTTYPES_H 1
| #define HAVE_STDINT_H 1
| #define HAVE_STRINGS_H 1
| #define HAVE_SYS_STAT_H 1
| #define HAVE_SYS_TYPES_H 1
| #define HAVE_UNISTD_H 1
| #define STDC_HEADERS 1
| #define HAVE_FCNTL_H 1
| #define HAVE_NETINET_IN_H 1
| #define HAVE_SYS_FILE_H 1
| #define HAVE_SYS_IOCTL_H 1
| #define HAVE_SYS_PARAM_H 1
| #define HAVE_SYS_SOCKET_H 1
| #define HAVE_SYS_TIME_H 1
| #define HAVE_UNISTD_H 1
| #define HAVE_UTMP_H 1
| #define HAVE_UTMPX_H 1
| /* end confdefs.h.  */
| #include <ac_nonexistent.h>
configure:6337: checking for grep that handles long lines and -e
configure:6401: result: /usr/bin/grep
configure:6406: checking for egrep
configure:6474: result: /usr/bin/grep -E
configure:6479: checking for uid_t in sys/types.h
configure:6500: result: yes
configure:6514: checking for pid_t
configure:6514: gcc -c -g -O2  conftest.c >&5
configure:6514: $? = 0
configure:6514: gcc -c -g -O2  conftest.c >&5
conftest.c: In function 'main':
conftest.c:63:20: error: expected expression before ')' token
   63 | if (sizeof ((pid_t)))
      |                    ^
configure:6514: $? = 1
configure: failed program was:
| /* confdefs.h */
| #define PACKAGE_NAME "runit"
| #define PACKAGE_TARNAME "runit"
| #define PACKAGE_VERSION "0.1.0"
| #define PACKAGE_STRING "runit 0.1.0"
| #define PACKAGE_BUGREPORT "bugs@kara-online.net"
| #define PACKAGE_URL ""
| #define PACKAGE "runit"
| #define VERSION "0.1.0"
| #define HAVE_STDIO_H 1
| #define HAVE_STDLIB_H 1
| #define HAVE_STRING_H 1
| #define HAVE_INTTYPES_H 1
| #define HAVE_STDINT_H 1
| #define HAVE_STRINGS_H 1
| #define HAVE_SYS_STAT_H 1
| #define HAVE_SYS_TYPES_H 1
| #define HAVE_UNISTD_H 1
| #define STDC_HEADERS 1
| #define HAVE_FCNTL_H 1
| #define HAVE_NETINET_IN_H 1
| #define HAVE_SYS_FILE_H 1
| #define HAVE_SYS_IOCTL_H 1
| #define HAVE_SYS_PARAM_H 1
| #define HAVE_SYS_SOCKET_H 1
| #define HAVE_SYS_TIME_H 1
| #define HAVE_UNISTD_H 1
| #define HAVE_UTMP_H 1
| #define HAVE_UTMPX_H 1
| /* end confdefs.h.  */
| #include <stddef.h>
| #ifdef HAVE_STDIO_H
| # include <stdio.h>
| #endif
| #ifdef HAVE_STDLIB_H
| # include <stdlib.h>
| #endif
| #ifdef HAVE_STRING_H
| # include <string.h>
| #endif
| #ifdef HAVE_INTTYPES_H
| # include <inttypes.h>
| #endif
| #ifdef HAVE_STDINT_H
| # include <stdint.h>
| #endif
| #ifdef HAVE_STRINGS_H
| # include <strings.h>
| #endif
| #ifdef HAVE_SYS_TYPES_H
| # include <sys/types.h>
| #endif
| #ifdef HAVE_SYS_STAT_H
| # include <sys/stat.h>
| #endif
| #ifdef HAVE_UNISTD_H
| # include <unistd.h>
| #endif
| 
| int
| main (void)
| {
| if (sizeof ((pid_t)))
| 	    return 0;
|   ;
|   return 0;
| }
configure:6514: result: yes
configure:6555: checking for fork
configure:6555: gcc -o conftest -g -O2   conftest.c  >&5
conftest.c:47:6: warning: conflicting types for built-in function 'fork'; expected 'int(void)' [-Wbuiltin-declaration-mismatch]
   47 | char fork ();
      |      ^~~~
configure:6555: $? = 0
configure:6555: result: yes
configure:6555: checking for vfork
configure:6555: gcc -o conftest -g -O2   conftest.c  >&5
configure:6555: $? = 0
configure:6555: result: yes
configure:6568: checking for working fork
configure:6592: gcc -o conftest -g -O2   conftest.c  >&5
configure:6592: $? = 0
configure:6592: ./conftest
configure:6592: $? = 0
configure:6603: result: yes
configure:6624: checking for working vfork
configure:6753: result: yes
configure:6778: checking type of array argument to getgroups
configure:6814: gcc -o conftest -g -O2   conftest.c  >&5
configure:6814: $? = 0
configure:6814: ./conftest
configure:6814: $? = 0
configure:6841: result: gid_t
configure:6847: checking for size_t
configure:6847: gcc -c -g -O2  conftest.c >&5
configure:6847: $? = 0
configure:6847: gcc -c -g -O2  conftest.c >&5
conftest.c: In function 'main':
conftest.c:67:21: error: expected expression before ')' token
   67 | if (sizeof ((size_t)))
      |                     ^
configure:6847: $? = 1
configure: failed program was:
| /* confdefs.h */
| #define PACKAGE_NAME "runit"
| #define PACKAGE_TARNAME "runit"
| #define PACKAGE_VERSION "0.1.0"
| #define PACKAGE_STRING "runit 0.1.0"
| #define PACKAGE_BUGREPORT "bugs@kara-online.net"
| #define PACKAGE_URL ""
| #define PACKAGE "runit"
| #define VERSION "0.1.0"
| #define HAVE_STDIO_H 1
| #define HAVE_STDLIB_H 1
| #define HAVE_STRING_H 1
| #define HAVE_INTTYPES_H 1
| #define HAVE_STDINT_H 1
| #define HAVE_STRINGS_H 1
| #define HAVE_SYS_STAT_H 1
| #define HAVE_SYS_TYPES_H 1
| #define HAVE_UNISTD_H 1
| #define STDC_HEADERS 1
| #define HAVE_FCNTL_H 1
| #define HAVE_NETINET_IN_H 1
| #define HAVE_SYS_FILE_H 1
| #define HAVE_SYS_IOCTL_H 1
| #define HAVE_SYS_PARAM_H 1
| #define HAVE_SYS_SOCKET_H 1
| #define HAVE_SYS_TIME_H 1
| #define HAVE_UNISTD_H 1
| #define HAVE_UTMP_H 1
| #define HAVE_UTMPX_H 1
| #define HAVE_FORK 1
| #define HAVE_VFORK 1
| #define HAVE_WORKING_VFORK 1
| #define HAVE_WORKING_FORK 1
| #define GETGROUPS_T gid_t
| /* end confdefs.h.  */
| #include <stddef.h>
| #ifdef HAVE_STDIO_H
| # include <stdio.h>
| #endif
| #ifdef HAVE_STDLIB_H
| # include <stdlib.h>
| #endif
| #ifdef HAVE_STRING_H
| # include <string.h>
| #endif
| #ifdef HAVE_INTTYPES_H
| # include <inttypes.h>
| #endif
| #ifdef HAVE_STDINT_H
| # include <stdint.h>
| #endif
| #ifdef HAVE_STRINGS_H
| # include <strings.h>
| #endif
| #ifdef HAVE_SYS_TYPES_H
| # include <sys/types.h>
| #endif
| #ifdef HAVE_SYS_STAT_H
| # include <sys/stat.h>
| #endif
| #ifdef HAVE_UNISTD_H
| # include <unistd.h>
| #endif
| int
| main (void)
| {
| if (sizeof ((size_t)))
| 	    return 0;
|   ;
|   return 0;
| }
configure:6847: result: yes
configure:6857: checking for getgroups
configure:6857: gcc -o conftest -g -O2   conftest.c  >&5
configure:6857: $? = 0
configure:6857: result: yes
configure:6913: checking for working getgroups
configure:6940: gcc -o conftest -g -O2   conftest.c  >&5
configure:6940: $? = 0
configure:6940: ./conftest
configure:6940: $? = 0
configure:6952: result: yes
configure:6966: checking for GNU libc compatible malloc
configure:6998: gcc -o conftest -g -O2   conftest.c  >&5
configure:6998: $? = 0
configure:6998: ./conftest
configure:6998: $? = 0
configure:7009: result: yes
configure:7031: checking for wait3 that fills in rusage
configure:7079: gcc -o conftest -g -O2   conftest.c  >&5
configure:7079: $? = 0
configure:7079: ./conftest
configure:7079: $? = 0
configure:7090: result: yes
configure:7098: checking for dup2
configure:7098: gcc -o conftest -g -O2   conftest.c  >&5
configure:7098: $? = 0
configure:7098: result: yes
configure:7105: checking for fchdir
configure:7105: gcc -o conftest -g -O2   conftest.c  >&5
configure:7105: $? = 0
configure:7105: result: yes
configure:7112: checking for ftruncate
configure:7112: gcc -o conftest -g -O2   conftest.c  >&5
configure:7112: $? = 0
configure:7112: result: yes
configure:7119: checking for gettimeofday
configure:7119: gcc -o conftest -g -O2   conftest.c  >&5
configure:7119: $? = 0
configure:7119: result: yes
configure:7126: checking for memset
configure:7126: gcc -o conftest -g -O2   conftest.c  >&5
conftest.c:59:6: warning: conflicting types for built-in function 'memset'; expected 'void *(void *, int,  long unsigned int)' [-Wbuiltin-declaration-mismatch]
   59 | char memset ();
      |      ^~~~~~
conftest.c:51:1: note: 'memset' is declared in header '<string.h>'
   50 | #include <limits.h>
   51 | #undef memset
configure:7126: $? = 0
configure:7126: result: yes
configure:7133: checking for mkdir
configure:7133: gcc -o conftest -g -O2   conftest.c  >&5
configure:7133: $? = 0
configure:7133: result: yes
configure:7140: checking for select
configure:7140: gcc -o conftest -g -O2   conftest.c  >&5
configure:7140: $? = 0
configure:7140: result: yes
configure:7147: checking for socket
configure:7147: gcc -o conftest -g -O2   conftest.c  >&5
configure:7147: $? = 0
configure:7147: result: yes
configure:7157: checking for flock
configure:7157: gcc -o conftest -g -O2   conftest.c  >&5
configure:7157: $? = 0
configure:7157: result: yes
configure:7173: checking for mkfifo
configure:7173: gcc -o conftest -g -O2   conftest.c  >&5
configure:7173: $? = 0
configure:7173: result: yes
configure:7189: checking for sigaction
configure:7189: gcc -o conftest -g -O2   conftest.c  >&5
configure:7189: $? = 0
configure:7189: result: yes
configure:7205: checking for sigprocmask
configure:7205: gcc -o conftest -g -O2   conftest.c  >&5
configure:7205: $? = 0
configure:7205: result: yes
configure:7221: checking for waitpid
configure:7221: gcc -o conftest -g -O2   conftest.c  >&5
configure:7221: $? = 0
configure:7221: result: yes
configure:7241: checking for short setgroups
configure:7275: gcc -o conftest -g -O2   conftest.c  >&5
conftest.c: In function 'main':
conftest.c:68:21: warning: passing argument 2 of 'getgroups' from incompatible pointer type [-Wincompatible-pointer-types]
   68 |     if (getgroups(1,x)==0) if (setgroups(1,x)==-1) _exit(1);
      |                     ^
      |                     |
      |                     short int *
In file included from conftest.c:59:
/usr/include/unistd.h:711:43: note: expected '__gid_t *' {aka 'unsigned int *'} but argument is of type 'short int *'
  711 | extern int getgroups (int __size, __gid_t __list[]) __THROW __wur
      |                                   ~~~~~~~~^~~~~~~~
conftest.c:68:44: warning: passing argument 2 of 'setgroups' from incompatible pointer type [-Wincompatible-pointer-types]
   68 |     if (getgroups(1,x)==0) if (setgroups(1,x)==-1) _exit(1);
      |                                            ^
      |                                            |
      |                                            short int *
In file included from conftest.c:60:
/usr/include/grp.h:180:50: note: expected 'const __gid_t *' {aka 'const unsigned int *'} but argument is of type 'short int *'
  180 | extern int setgroups (size_t __n, const __gid_t *__groups) __THROW;
      |                                   ~~~~~~~~~~~~~~~^~~~~~~~
conftest.c:69:21: warning: passing argument 2 of 'getgroups' from incompatible pointer type [-Wincompatible-pointer-types]
   69 |     if (getgroups(1,x)==-1) _exit(1);
      |                     ^
      |                     |
      |                     short int *
/usr/include/unistd.h:711:43: note: expected '__gid_t *' {aka 'unsigned int *'} but argument is of type 'short int *'
  711 | extern int getgroups (int __size, __gid_t __list[]) __THROW __wur
      |                                   ~~~~~~~~^~~~~~~~
conftest.c:72:21: warning: passing argument 2 of 'getgroups' from incompatible pointer type [-Wincompatible-pointer-types]
   72 |     if (getgroups(1,x)==-1) _exit(1);
      |                     ^
      |                     |
      |                     short int *
/usr/include/unistd.h:711:43: note: expected '__gid_t *' {aka 'unsigned int *'} but argument is of type 'short int *'
  711 | extern int getgroups (int __size, __gid_t __list[]) __THROW __wur
      |                                   ~~~~~~~~^~~~~~~~
configure:7275: $? = 0
configure:7275: ./conftest
configure:7275: $? = 1
configure: program exited with status 1
configure: failed program was:
| /* confdefs.h */
| #define PACKAGE_NAME "runit"
| #define PACKAGE_TARNAME "runit"
| #define PACKAGE_VERSION "0.1.0"
| #define PACKAGE_STRING "runit 0.1.0"
| #define PACKAGE_BUGREPORT "bugs@kara-online.net"
| #define PACKAGE_URL ""
| #define PACKAGE "runit"
| #define VERSION "0.1.0"
| #define HAVE_STDIO_H 1
| #define HAVE_STDLIB_H 1
| #define HAVE_STRING_H 1
| #define HAVE_INTTYPES_H 1
| #define HAVE_STDINT_H 1
| #define HAVE_STRINGS_H 1
| #define HAVE_SYS_STAT_H 1
| #define HAVE_SYS_TYPES_H 1
| #define HAVE_UNISTD_H 1
| #define STDC_HEADERS 1
| #define HAVE_FCNTL_H 1
| #define HAVE_NETINET_IN_H 1
| #define HAVE_SYS_FILE_H 1
| #define HAVE_SYS_IOCTL_H 1
| #define HAVE_SYS_PARAM_H 1
| #define HAVE_SYS_SOCKET_H 1
| #define HAVE_SYS_TIME_H 1
| #define HAVE_UNISTD_H 1
| #define HAVE_UTMP_H 1
| #define HAVE_UTMPX_H 1
| #define HAVE_FORK 1
| #define HAVE_VFORK 1
| #define HAVE_WORKING_VFORK 1
| #define HAVE_WORKING_FORK 1
| #define GETGROUPS_T gid_t
| #define HAVE_GETGROUPS 1
| #define HAVE_MALLOC 1
| #define HAVE_WAIT3 1
| #define HAVE_DUP2 1
| #define HAVE_FCHDIR 1
| #define HAVE_FTRUNCATE 1
| #define HAVE_GETTIMEOFDAY 1
| #define HAVE_MEMSET 1
| #define HAVE_MKDIR 1
| #define HAVE_SELECT 1
| #define HAVE_SOCKET 1
| #define HAVE_FLOCK 1
| #define HASFLOCK 1
| #define HAVE_MKFIFO 1
| #define HASMKFIFO 1
| #define HAVE_SIGACTION 1
| #define HASSIGACTION 1
| #define HAVE_SIGPROCMASK 1
| #define HASSIGPROCMASK 1
| #define HAVE_WAITPID 1
| #define HASWAITPID 1
| /* end confdefs.h.  */
| 
|     #include <sys/types.h>
|     #include <unistd.h>
|     #include <grp.h>
| 
| int
| main (void)
| {
| 
|     short x[4];
|     x[0] = x[1] = 1;
|     if (getgroups(1,x)==0) if (setgroups(1,x)==-1) _exit(1);
|     if (getgroups(1,x)==-1) _exit(1);
|     if (x[1]!=1) _exit(1);
|     x[1]=2;
|     if (getgroups(1,x)==-1) _exit(1);
|     if (x[1]!=2) _exit(1);
|     _exit(0);
| 
|   ;
|   return 0;
| }
configure:7286: result: no
configure:7400: checking that generated files are newer than configure
configure:7406: result: done
configure:7437: creating ./config.status

## ---------------------- ##
## Running config.status. ##
## ---------------------- ##

This file was extended by runit config.status 0.1.0, which was
generated by GNU Autoconf 2.71.  Invocation command line was

  CONFIG_FILES    = 
  CONFIG_HEADERS  = 
  CONFIG_LINKS    = 
  CONFIG_COMMANDS = 
  $ ./config.status 

on special-k.kbisp.com

config.status:1002: creating Makefile
config.status:1002: creating src/Makefile
config.status:1002: creating tests/Makefile
config.status:1002: creating include/Makefile
config.status:1002: creating config.h
config.status:1216: executing depfiles commands
config.status:1293: cd .       && sed -e '/# am--include-marker/d' Makefile         | make -f - am--depfiles
config.status:1298: $? = 0
config.status:1293: cd src       && sed -e '/# am--include-marker/d' Makefile         | make -f - am--depfiles
make: Nothing to be done for 'am--depfiles'.
config.status:1298: $? = 0

## ---------------- ##
## Cache variables. ##
## ---------------- ##

ac_cv_build=x86_64-pc-linux-gnu
ac_cv_c_compiler_gnu=yes
ac_cv_c_uint64_t=yes
ac_cv_cxx_compiler_gnu=yes
ac_cv_env_CCC_set=
ac_cv_env_CCC_value=
ac_cv_env_CC_set=
ac_cv_env_CC_value=
ac_cv_env_CFLAGS_set=
ac_cv_env_CFLAGS_value=
ac_cv_env_CPPFLAGS_set=
ac_cv_env_CPPFLAGS_value=
ac_cv_env_CPP_set=
ac_cv_env_CPP_value=
ac_cv_env_CXXFLAGS_set=
ac_cv_env_CXXFLAGS_value=
ac_cv_env_CXX_set=
ac_cv_env_CXX_value=
ac_cv_env_LDFLAGS_set=
ac_cv_env_LDFLAGS_value=
ac_cv_env_LIBS_set=
ac_cv_env_LIBS_value=
ac_cv_env_build_alias_set=
ac_cv_env_build_alias_value=
ac_cv_env_host_alias_set=
ac_cv_env_host_alias_value=
ac_cv_env_target_alias_set=
ac_cv_env_target_alias_value=
ac_cv_func_dup2=yes
ac_cv_func_fchdir=yes
ac_cv_func_flock=yes
ac_cv_func_fork=yes
ac_cv_func_fork_works=yes
ac_cv_func_ftruncate=yes
ac_cv_func_getgroups=yes
ac_cv_func_getgroups_works=yes
ac_cv_func_gettimeofday=yes
ac_cv_func_malloc_0_nonnull=yes
ac_cv_func_memset=yes
ac_cv_func_mkdir=yes
ac_cv_func_mkfifo=yes
ac_cv_func_select=yes
ac_cv_func_sigaction=yes
ac_cv_func_sigprocmask=yes
ac_cv_func_socket=yes
ac_cv_func_vfork=yes
ac_cv_func_vfork_works=yes
ac_cv_func_wait3_rusage=yes
ac_cv_func_waitpid=yes
ac_cv_header_fcntl_h=yes
ac_cv_header_inttypes_h=yes
ac_cv_header_netinet_in_h=yes
ac_cv_header_stdint_h=yes
ac_cv_header_stdio_h=yes
ac_cv_header_stdlib_h=yes
ac_cv_header_string_h=yes
ac_cv_header_strings_h=yes
ac_cv_header_sys_file_h=yes
ac_cv_header_sys_ioctl_h=yes
ac_cv_header_sys_param_h=yes
ac_cv_header_sys_socket_h=yes
ac_cv_header_sys_stat_h=yes
ac_cv_header_sys_time_h=yes
ac_cv_header_sys_types_h=yes
ac_cv_header_unistd_h=yes
ac_cv_header_utmp_h=yes
ac_cv_header_utmpx_h=yes
ac_cv_header_vfork_h=no
ac_cv_host=x86_64-pc-linux-gnu
ac_cv_objext=o
ac_cv_path_EGREP='/usr/bin/grep -E'
ac_cv_path_GREP=/usr/bin/grep
ac_cv_path_install='/usr/bin/install -c'
ac_cv_path_mkdir=/usr/bin/mkdir
ac_cv_prog_AWK=gawk
ac_cv_prog_CPP='gcc -E'
ac_cv_prog_VALGRIND=valgrind
ac_cv_prog_ac_ct_CC=gcc
ac_cv_prog_ac_ct_CXX=g++
ac_cv_prog_ac_ct_RANLIB=ranlib
ac_cv_prog_cc_c11=
ac_cv_prog_cc_g=yes
ac_cv_prog_cc_stdc=
ac_cv_prog_cxx_11=no
ac_cv_prog_cxx_cxx11=
ac_cv_prog_cxx_g=yes
ac_cv_prog_cxx_stdcxx=
ac_cv_prog_make_make_set=yes
ac_cv_type_getgroups=gid_t
ac_cv_type_off_t=yes
ac_cv_type_pid_t=yes
ac_cv_type_size_t=yes
ac_cv_type_uid_t=yes
am_cv_CC_dependencies_compiler_type=gcc3
am_cv_CXX_dependencies_compiler_type=gcc3
am_cv_make_support_nested_variables=yes
am_cv_prog_cc_c_o=yes
ax_cv_valgrind_tool_drd=yes
ax_cv_valgrind_tool_helgrind=yes
ax_cv_valgrind_tool_memcheck=yes
ax_cv_valgrind_tool_sgcheck=no

## ----------------- ##
## Output variables. ##
## ----------------- ##














		$(foreach tool, $(valgrind_enabled_tools), check-valgrind-$(tool))
		LOG_COMPILER="$$(VALGRIND_LOG_COMPILER)" \
		LOG_FLAGS="$$(valgrind_$(1)_flags)" \
		TESTS_ENVIRONMENT="$$(VALGRIND_TESTS_ENVIRONMENT)" \
		TEST_SUITE_LOG=test-suite-$(1).log
	$$(valgrind_v_use)$$(MAKE) check-TESTS \
	$(AM_V_at)$(MAKE) $(AM_MAKEFLAGS) -k \
	$(TESTS_ENVIRONMENT) \
	$(VALGRIND) $(VALGRIND_SUPPRESSIONS) --error-exitcode=1 $(VALGRIND_FLAGS)
	$(valgrind_lt) \
	@echo "Need to reconfigure with --enable-valgrind"
	@echo "Need to reconfigure with --enable-valgrind"
	@echo "Need to reconfigure with --enable-valgrind-$(1)"
	G_DEBUG=fatal-warnings,fatal-criticals,gc-friendly
	G_SLICE=always-malloc,debug-blocks \
	env VALGRIND=$(VALGRIND) \
#
#    (Default: --num-callers=30)
#    files to load. (Default: empty)
#    memcheck, helgrind, drd, sgcheck). (Default: various)
#  - VALGRIND_$toolname_FLAGS: Flags to pass to Valgrind $toolname (one of:
#  - VALGRIND_FLAGS: General flags to pass to all Valgrind tools.
#  - VALGRIND_SUPPRESSIONS_FILES: Space-separated list of Valgrind suppressions
# Internal use
# Optional variables
# Optional:
# Support running with and without libtool.
# Use recursive makes in order to ignore errors during check
# Valgrind check
# Valgrind running
$(foreach tool,$(valgrind_tools),$(eval $(call valgrind_tool_rule,$(tool))))
'
.PHONY: check-valgrind $(addprefix check-valgrind-,$(valgrind_tools))
ACLOCAL='${SHELL} '\''/home/kro/wksp/runit-ac/missing'\'' aclocal-1.16'
AMDEPBACKSLASH='\'
AMDEP_FALSE='#'
AMDEP_TRUE=''
AMTAR='$${TAR-tar}'
AM_BACKSLASH='\'
AM_DEFAULT_V='$(AM_DEFAULT_VERBOSITY)'
AM_DEFAULT_VERBOSITY='1'
AM_DISTCHECK_CONFIGURE_FLAGS += --disable-valgrind
AM_DISTCHECK_CONFIGURE_FLAGS ?=
AM_V='$(V)'
AUTOCONF='${SHELL} '\''/home/kro/wksp/runit-ac/missing'\'' autoconf'
AUTOHEADER='${SHELL} '\''/home/kro/wksp/runit-ac/missing'\'' autoheader'
AUTOMAKE='${SHELL} '\''/home/kro/wksp/runit-ac/missing'\'' automake-1.16'
AWK='gawk'
CC='gcc'
CCDEPMODE='depmode=gcc3'
CFLAGS='-g -O2'
CPP='gcc -E'
CPPFLAGS=''
CSCOPE='cscope'
CTAGS='ctags'
CXX='g++'
CXXDEPMODE='depmode=gcc3'
CXXFLAGS='-g -O2'
CYGPATH_W='echo'
DEFS='-DHAVE_CONFIG_H'
DEPDIR='.deps'
ECHO_C=''
ECHO_N='-n'
ECHO_T=''
EGREP='/usr/bin/grep -E'
ENABLE_VALGRIND_drd='yes'
ENABLE_VALGRIND_helgrind='yes'
ENABLE_VALGRIND_memcheck='yes'
ENABLE_VALGRIND_sgcheck='no'
ETAGS='etags'
EXEEXT=''
GREP='/usr/bin/grep'
INSTALL_DATA='${INSTALL} -m 644'
INSTALL_PROGRAM='${INSTALL}'
INSTALL_SCRIPT='${INSTALL}'
INSTALL_STRIP_PROGRAM='$(install_sh) -c -s'
LDFLAGS=''
LIBOBJS=''
LIBS=''
LTLIBOBJS=''
MAKEINFO='${SHELL} '\''/home/kro/wksp/runit-ac/missing'\'' makeinfo'
MKDIR_P='/usr/bin/mkdir -p'
MOSTLYCLEANFILES += $(valgrind_log_files)
MOSTLYCLEANFILES ?=
OBJEXT='o'
PACKAGE='runit'
PACKAGE_BUGREPORT='bugs@kara-online.net'
PACKAGE_NAME='runit'
PACKAGE_STRING='runit 0.1.0'
PACKAGE_TARNAME='runit'
PACKAGE_URL=''
PACKAGE_VERSION='0.1.0'
PATH_SEPARATOR=':'
RANLIB='ranlib'
SET_MAKE=''
SHELL='/bin/sh'
STRIP=''
VALGRIND='valgrind'
VALGRIND_CHECK_RULES='
VALGRIND_ENABLED='yes'
VALGRIND_ENABLED_FALSE='#'
VALGRIND_ENABLED_TRUE=''
VALGRIND_FLAGS ?= --num-callers=30
VALGRIND_LOG_COMPILER = \
VALGRIND_SUPPRESSIONS ?= $(addprefix --suppressions=,$(VALGRIND_SUPPRESSIONS_FILES))
VALGRIND_TESTS_ENVIRONMENT = \
VALGRIND_drd_FLAGS ?=
VALGRIND_helgrind_FLAGS ?= --history-level=approx
VALGRIND_memcheck_FLAGS ?= --leak-check=full --show-reachable=no
VALGRIND_sgcheck_FLAGS ?=
VERSION='0.1.0'
WARN_CFLAGS='-W -Wall -Wunused -Werror'
ac_ct_CC='gcc'
ac_ct_CXX='g++'
am__EXEEXT_FALSE=''
am__EXEEXT_TRUE='#'
am__fastdepCC_FALSE='#'
am__fastdepCC_TRUE=''
am__fastdepCXX_FALSE='#'
am__fastdepCXX_TRUE=''
am__include='include'
am__isrc=' -I$(srcdir)'
am__leading_dot='.'
am__nodep='_no'
am__quote=''
am__tar='$${TAR-tar} chof - "$$tardir"'
am__untar='$${TAR-tar} xf -'
bindir='${exec_prefix}/bin'
build='x86_64-pc-linux-gnu'
build_alias=''
build_cpu='x86_64'
build_os='linux-gnu'
build_vendor='pc'
check-valgrind-$(1)-local:
check-valgrind-local:
datadir='${datarootdir}'
datarootdir='${prefix}/share'
define valgrind_tool_rule
docdir='${datarootdir}/doc/${PACKAGE_TARNAME}'
dvidir='${docdir}'
else
else
else
else ifeq ($$(VALGRIND_ENABLED),yes)
endef
endif
endif
endif
endif
exec_prefix='${prefix}'
host='x86_64-pc-linux-gnu'
host_alias=''
host_cpu='x86_64'
host_os='linux-gnu'
host_vendor='pc'
htmldir='${docdir}'
ifeq ($$(VALGRIND_ENABLED)-$$(ENABLE_VALGRIND_$(1)),yes-yes)
ifeq ($(VALGRIND_ENABLED),yes)
ifneq ($$(TESTS),)
ifneq ($(LIBTOOL),)
includedir='${prefix}/include'
infodir='${datarootdir}/info'
install_sh='${SHELL} /home/kro/wksp/runit-ac/install-sh'
libdir='${exec_prefix}/lib'
libexecdir='${exec_prefix}/libexec'
localedir='${datarootdir}/locale'
localstatedir='${prefix}/var'
mandir='${datarootdir}/man'
mkdir_p='$(MKDIR_P)'
oldincludedir='/usr/include'
pdfdir='${docdir}'
prefix='/usr/local'
program_transform_name='s,x,x,'
psdir='${docdir}'
runstatedir='${localstatedir}/run'
sbindir='${exec_prefix}/sbin'
sharedstatedir='${prefix}/com'
sysconfdir='${prefix}/etc'
target_alias=''
valgrind_drd_flags = --tool=drd $(VALGRIND_drd_FLAGS)
valgrind_enabled_tools=' memcheck helgrind drd'
valgrind_helgrind_flags = --tool=helgrind $(VALGRIND_helgrind_FLAGS)
valgrind_log_files = $(addprefix test-suite-,$(addsuffix .log,$(valgrind_tools)))
valgrind_lt =
valgrind_lt = $(LIBTOOL) $(AM_LIBTOOLFLAGS) $(LIBTOOLFLAGS) --mode=execute
valgrind_memcheck_flags = --tool=memcheck $(VALGRIND_memcheck_FLAGS)
valgrind_quiet = $(valgrind_quiet_$(V))
valgrind_quiet_ = $(valgrind_quiet_$(AM_DEFAULT_VERBOSITY))
valgrind_quiet_0 = --quiet
valgrind_sgcheck_flags = --tool=exp-sgcheck $(VALGRIND_sgcheck_FLAGS)
valgrind_tools='memcheck helgrind drd sgcheck'
valgrind_v_use   = $(valgrind_v_use_$(V))
valgrind_v_use_  = $(valgrind_v_use_$(AM_DEFAULT_VERBOSITY))
valgrind_v_use_0 = @echo "  USE   " $(patsubst check-valgrind-%-local,%,$@):;

## ----------- ##
## confdefs.h. ##
## ----------- ##

/* confdefs.h */
#define PACKAGE_NAME "runit"
#define PACKAGE_TARNAME "runit"
#define PACKAGE_VERSION "0.1.0"
#define PACKAGE_STRING "runit 0.1.0"
#define PACKAGE_BUGREPORT "bugs@kara-online.net"
#define PACKAGE_URL ""
#define PACKAGE "runit"
#define VERSION "0.1.0"
#define HAVE_STDIO_H 1
#define HAVE_STDLIB_H 1
#define HAVE_STRING_H 1
#define HAVE_INTTYPES_H 1
#define HAVE_STDINT_H 1
#define HAVE_STRINGS_H 1
#define HAVE_SYS_STAT_H 1
#define HAVE_SYS_TYPES_H 1
#define HAVE_UNISTD_H 1
#define STDC_HEADERS 1
#define HAVE_FCNTL_H 1
#define HAVE_NETINET_IN_H 1
#define HAVE_SYS_FILE_H 1
#define HAVE_SYS_IOCTL_H 1
#define HAVE_SYS_PARAM_H 1
#define HAVE_SYS_SOCKET_H 1
#define HAVE_SYS_TIME_H 1
#define HAVE_UNISTD_H 1
#define HAVE_UTMP_H 1
#define HAVE_UTMPX_H 1
#define HAVE_FORK 1
#define HAVE_VFORK 1
#define HAVE_WORKING_VFORK 1
#define HAVE_WORKING_FORK 1
#define GETGROUPS_T gid_t
#define HAVE_GETGROUPS 1
#define HAVE_MALLOC 1
#define HAVE_WAIT3 1
#define HAVE_DUP2 1
#define HAVE_FCHDIR 1
#define HAVE_FTRUNCATE 1
#define HAVE_GETTIMEOFDAY 1
#define HAVE_MEMSET 1
#define HAVE_MKDIR 1
#define HAVE_SELECT 1
#define HAVE_SOCKET 1
#define HAVE_FLOCK 1
#define HASFLOCK 1
#define HAVE_MKFIFO 1
#define HASMKFIFO 1
#define HAVE_SIGACTION 1
#define HASSIGACTION 1
#define HAVE_SIGPROCMASK 1
#define HASSIGPROCMASK 1
#define HAVE_WAITPID 1
#define HASWAITPID 1

configure: exit 0
